Building DAG of jobs...
Using shell: /usr/bin/bash
Provided cores: 2
Rules claiming more threads will be scaled down.
Conda environments: ignored
Job stats:
job                                   count    min threads    max threads
----------------------------------  -------  -------------  -------------
all                                       1              1              1
calculate_null_distributions_PSAP         2              1              1
list_units_wellcovered_panel              1              1              1
make_allele_frequencies_file              2              1              1
make_final_null_distributions_PSAP        1              1              1
make_input_table_forPSAP                  2              1              1
make_notpassvariants_file                 2              1              1
split_multiallelic_panel                  2              1              1
total                                    13              1              1

Select jobs to execute...

[Wed Aug  2 15:50:37 2023]
rule split_multiallelic_panel:
    input: /PUBLIC_DATA/ReferencePanels/GnomAD/genome/gnomad.genomes.r2.0.1.sites.allchr.vcf.gz
    output: /PROGS/scripts/msogloblinsky/bin/PSAP/snakemake_makedistrib_PSAP/out/reference_panel/af_forPSAP_splitmultial_gnomad_genomes_v2.0.1_chr21.vcf.gz
    log: /PROGS/scripts/msogloblinsky/bin/PSAP/snakemake_makedistrib_PSAP/out/log/rule_split_multiallelic_panel_gnomad_genomes_v2.0.1_chr21.log
    jobid: 5
    benchmark: /PROGS/scripts/msogloblinsky/bin/PSAP/snakemake_makedistrib_PSAP/out/benchmark/rule_split_multiallelic_panel_gnomad_genomes_v2.0.1_chr21.benchmark.txt
    reason: Missing output files: /PROGS/scripts/msogloblinsky/bin/PSAP/snakemake_makedistrib_PSAP/out/reference_panel/af_forPSAP_splitmultial_gnomad_genomes_v2.0.1_chr21.vcf.gz
    wildcards: CHR=21
    resources: tmpdir=/tmp


[Wed Aug  2 15:50:37 2023]
rule make_input_table_forPSAP:
    input: /PUBLIC_DATA/Annotation/CADD/CADD_v1.6/whole_genome_SNVs.tsv.gz, /PROGS/scripts/msogloblinsky/bin/PSAP/snakemake_makedistrib_PSAP/data/cp_sorted_splicing_split_merged_genomic_coding_biomart.bed, /PROGS/scripts/msogloblinsky/bin/PSAP/snakemake_makedistrib_PSAP/data/sorted.CADDRegions.2021.hg19.bed, /PROGS/scripts/msogloblinsky/bin/PSAP/snakemake_makedistrib_PSAP/data/final.newsort.allchr.gnomad.genome.r2.0.1.goodquality.dp10.bed
    output: /PROGS/scripts/msogloblinsky/bin/PSAP/snakemake_makedistrib_PSAP/out/score_tables/coverage_genes_caddregions_cadd1.6_whole_genome_SNVs_chr22.tsv.gz
    log: /PROGS/scripts/msogloblinsky/bin/PSAP/snakemake_makedistrib_PSAP/out/log/rule_make_input_table_forPSAP_cadd1.6_whole_genome_SNVs_chr22.log
    jobid: 8
    benchmark: /PROGS/scripts/msogloblinsky/bin/PSAP/snakemake_makedistrib_PSAP/out/benchmark/rule_make_input_table_forPSAP_cadd1.6_whole_genome_SNVs_chr22.benchmark.txt
    reason: Missing output files: /PROGS/scripts/msogloblinsky/bin/PSAP/snakemake_makedistrib_PSAP/out/score_tables/coverage_genes_caddregions_cadd1.6_whole_genome_SNVs_chr22.tsv.gz
    wildcards: CHR=22
    resources: tmpdir=/tmp

[Wed Aug  2 15:53:26 2023]
Finished job 5.
1 of 13 steps (8%) done
Select jobs to execute...

[Wed Aug  2 15:53:26 2023]
rule split_multiallelic_panel:
    input: /PUBLIC_DATA/ReferencePanels/GnomAD/genome/gnomad.genomes.r2.0.1.sites.allchr.vcf.gz
    output: /PROGS/scripts/msogloblinsky/bin/PSAP/snakemake_makedistrib_PSAP/out/reference_panel/af_forPSAP_splitmultial_gnomad_genomes_v2.0.1_chr22.vcf.gz
    log: /PROGS/scripts/msogloblinsky/bin/PSAP/snakemake_makedistrib_PSAP/out/log/rule_split_multiallelic_panel_gnomad_genomes_v2.0.1_chr22.log
    jobid: 10
    benchmark: /PROGS/scripts/msogloblinsky/bin/PSAP/snakemake_makedistrib_PSAP/out/benchmark/rule_split_multiallelic_panel_gnomad_genomes_v2.0.1_chr22.benchmark.txt
    reason: Missing output files: /PROGS/scripts/msogloblinsky/bin/PSAP/snakemake_makedistrib_PSAP/out/reference_panel/af_forPSAP_splitmultial_gnomad_genomes_v2.0.1_chr22.vcf.gz
    wildcards: CHR=22
    resources: tmpdir=/tmp

[Wed Aug  2 15:56:28 2023]
Finished job 10.
2 of 13 steps (15%) done
Select jobs to execute...

[Wed Aug  2 15:56:28 2023]
rule make_allele_frequencies_file:
    input: /PROGS/scripts/msogloblinsky/bin/PSAP/snakemake_makedistrib_PSAP/out/reference_panel/af_forPSAP_splitmultial_gnomad_genomes_v2.0.1_chr21.vcf.gz
    output: /PROGS/scripts/msogloblinsky/bin/PSAP/snakemake_makedistrib_PSAP/out/reference_panel/af_forPSAP_splitmultial_gnomad_genomes_v2.0.1_goodquality_pass_snps_chr21.vcf.gz
    log: /PROGS/scripts/msogloblinsky/bin/PSAP/snakemake_makedistrib_PSAP/out/log/rule_make_allele_frequencies_file_gnomad_genomes_v2.0.1_chr21.log
    jobid: 4
    benchmark: /PROGS/scripts/msogloblinsky/bin/PSAP/snakemake_makedistrib_PSAP/out/benchmark/rule_make_allele_frequencies_file_gnomad_genomes_v2.0.1_chr21.benchmark.txt
    reason: Missing output files: /PROGS/scripts/msogloblinsky/bin/PSAP/snakemake_makedistrib_PSAP/out/reference_panel/af_forPSAP_splitmultial_gnomad_genomes_v2.0.1_goodquality_pass_snps_chr21.vcf.gz; Input files updated by another job: /PROGS/scripts/msogloblinsky/bin/PSAP/snakemake_makedistrib_PSAP/out/reference_panel/af_forPSAP_splitmultial_gnomad_genomes_v2.0.1_chr21.vcf.gz
    wildcards: CHR=21
    resources: tmpdir=/tmp

[Wed Aug  2 15:56:41 2023]
Finished job 8.
3 of 13 steps (23%) done
Select jobs to execute...

[Wed Aug  2 15:56:41 2023]
rule make_allele_frequencies_file:
    input: /PROGS/scripts/msogloblinsky/bin/PSAP/snakemake_makedistrib_PSAP/out/reference_panel/af_forPSAP_splitmultial_gnomad_genomes_v2.0.1_chr22.vcf.gz
    output: /PROGS/scripts/msogloblinsky/bin/PSAP/snakemake_makedistrib_PSAP/out/reference_panel/af_forPSAP_splitmultial_gnomad_genomes_v2.0.1_goodquality_pass_snps_chr22.vcf.gz
    log: /PROGS/scripts/msogloblinsky/bin/PSAP/snakemake_makedistrib_PSAP/out/log/rule_make_allele_frequencies_file_gnomad_genomes_v2.0.1_chr22.log
    jobid: 9
    benchmark: /PROGS/scripts/msogloblinsky/bin/PSAP/snakemake_makedistrib_PSAP/out/benchmark/rule_make_allele_frequencies_file_gnomad_genomes_v2.0.1_chr22.benchmark.txt
    reason: Missing output files: /PROGS/scripts/msogloblinsky/bin/PSAP/snakemake_makedistrib_PSAP/out/reference_panel/af_forPSAP_splitmultial_gnomad_genomes_v2.0.1_goodquality_pass_snps_chr22.vcf.gz; Input files updated by another job: /PROGS/scripts/msogloblinsky/bin/PSAP/snakemake_makedistrib_PSAP/out/reference_panel/af_forPSAP_splitmultial_gnomad_genomes_v2.0.1_chr22.vcf.gz
    wildcards: CHR=22
    resources: tmpdir=/tmp

[Wed Aug  2 15:59:40 2023]
Finished job 4.
4 of 13 steps (31%) done
Select jobs to execute...

[Wed Aug  2 15:59:40 2023]
rule list_units_wellcovered_panel:
    input: /PROGS/scripts/msogloblinsky/bin/PSAP/snakemake_makedistrib_PSAP/data/cp_sorted_splicing_split_merged_genomic_coding_biomart.bed, /PROGS/scripts/msogloblinsky/bin/PSAP/snakemake_makedistrib_PSAP/data/sorted.CADDRegions.2021.hg19.bed, /PROGS/scripts/msogloblinsky/bin/PSAP/snakemake_makedistrib_PSAP/data/sorted_splitcoding_caddregions.splicing_split_merged_genomic_coding_biomart.bed, /PROGS/scripts/msogloblinsky/bin/PSAP/snakemake_makedistrib_PSAP/data/final.newsort.allchr.gnomad.genome.r2.0.1.goodquality.dp10.bed
    output: /PROGS/scripts/msogloblinsky/bin/PSAP/snakemake_makedistrib_PSAP/out/reference_panel/list_goodcoverage_50pct_gene_gnomad_genomes_v2.0.1.bed
    log: /PROGS/scripts/msogloblinsky/bin/PSAP/snakemake_makedistrib_PSAP/out/log/rule_list_units_wellcovered_panel_gnomad_genomes_v2.0.1.log
    jobid: 12
    benchmark: /PROGS/scripts/msogloblinsky/bin/PSAP/snakemake_makedistrib_PSAP/out/benchmark/rule_list_units_wellcovered_panel_gnomad_genomes_v2.0.1.benchmark.txt
    reason: Missing output files: /PROGS/scripts/msogloblinsky/bin/PSAP/snakemake_makedistrib_PSAP/out/reference_panel/list_goodcoverage_50pct_gene_gnomad_genomes_v2.0.1.bed
    resources: tmpdir=/tmp

[Wed Aug  2 15:59:45 2023]
Error in rule list_units_wellcovered_panel:
    jobid: 12
    input: /PROGS/scripts/msogloblinsky/bin/PSAP/snakemake_makedistrib_PSAP/data/cp_sorted_splicing_split_merged_genomic_coding_biomart.bed, /PROGS/scripts/msogloblinsky/bin/PSAP/snakemake_makedistrib_PSAP/data/sorted.CADDRegions.2021.hg19.bed, /PROGS/scripts/msogloblinsky/bin/PSAP/snakemake_makedistrib_PSAP/data/sorted_splitcoding_caddregions.splicing_split_merged_genomic_coding_biomart.bed, /PROGS/scripts/msogloblinsky/bin/PSAP/snakemake_makedistrib_PSAP/data/final.newsort.allchr.gnomad.genome.r2.0.1.goodquality.dp10.bed
    output: /PROGS/scripts/msogloblinsky/bin/PSAP/snakemake_makedistrib_PSAP/out/reference_panel/list_goodcoverage_50pct_gene_gnomad_genomes_v2.0.1.bed
    log: /PROGS/scripts/msogloblinsky/bin/PSAP/snakemake_makedistrib_PSAP/out/log/rule_list_units_wellcovered_panel_gnomad_genomes_v2.0.1.log (check log file(s) for error details)
    conda-env: /PROGS/scripts/msogloblinsky/bin/PSAP/snakemake_makedistrib_PSAP/.snakemake/conda/708489691ae52faed596f5cdff5c6407_
    shell:
        
        bedmap --bases-uniq-f --echo --delim '	' /PROGS/scripts/msogloblinsky/bin/PSAP/snakemake_makedistrib_PSAP/data/cp_sorted_splicing_split_merged_genomic_coding_biomart.bed /PROGS/scripts/msogloblinsky/bin/PSAP/snakemake_makedistrib_PSAP/data/final.newsort.allchr.gnomad.genome.r2.0.1.goodquality.dp10.bed > /PROGS/scripts/msogloblinsky/bin/PSAP/snakemake_makedistrib_PSAP/out/reference_panel/coverage_gene_gnomad_genomes_v2.0.1.bed
        bedmap --bases-uniq-f --echo --delim '	' /PROGS/scripts/msogloblinsky/bin/PSAP/snakemake_makedistrib_PSAP/data/sorted_splitcoding_caddregions.splicing_split_merged_genomic_coding_biomart.bed /PROGS/scripts/msogloblinsky/bin/PSAP/snakemake_makedistrib_PSAP/data/final.newsort.allchr.gnomad.genome.r2.0.1.goodquality.dp10.bed > /PROGS/scripts/msogloblinsky/bin/PSAP/snakemake_makedistrib_PSAP/out/reference_panel/coverage_coding_cadd_region_gnomad_genomes_v2.0.1.bed
        bedmap --bases-uniq-f --echo --delim '	' /PROGS/scripts/msogloblinsky/bin/PSAP/snakemake_makedistrib_PSAP/data/sorted.CADDRegions.2021.hg19.bed /PROGS/scripts/msogloblinsky/bin/PSAP/snakemake_makedistrib_PSAP/data/final.newsort.allchr.gnomad.genome.r2.0.1.goodquality.dp10.bed > /PROGS/scripts/msogloblinsky/bin/PSAP/snakemake_makedistrib_PSAP/out/reference_panel/coverage_cadd_region_gnomad_genomes_v2.0.1.bed

        Rscript /PROGS/scripts/msogloblinsky/bin/PSAP/snakemake_makedistrib_PSAP/src/script_list_units_goodcoverage.R /PROGS/scripts/msogloblinsky/bin/PSAP/snakemake_makedistrib_PSAP/out gnomad_genomes_v2.0.1 &> /PROGS/scripts/msogloblinsky/bin/PSAP/snakemake_makedistrib_PSAP/out/log/rule_list_units_wellcovered_panel_gnomad_genomes_v2.0.1.log
        
        (one of the commands exited with non-zero exit code; note that snakemake uses bash strict mode!)

[Wed Aug  2 16:00:44 2023]
Finished job 9.
5 of 13 steps (38%) done
Shutting down, this might take some time.
Exiting because a job execution failed. Look above for error message
Complete log: .snakemake/log/2023-08-02T155036.703731.snakemake.log
