Building DAG of jobs...
Using shell: /usr/bin/bash
Provided cores: 2
Rules claiming more threads will be scaled down.
Conda environments: ignored
Job stats:
job                                   count    min threads    max threads
----------------------------------  -------  -------------  -------------
all                                       1              1              1
calculate_null_distributions_PSAP         2              1              1
list_units_wellcovered_panel              1              1              1
make_final_null_distributions_PSAP        1              1              1
make_input_table_forPSAP                  1              1              1
make_notpassvariants_file                 2              1              1
total                                     8              1              1

Select jobs to execute...

[Wed Aug  2 16:02:41 2023]
rule make_input_table_forPSAP:
    input: /PUBLIC_DATA/Annotation/CADD/CADD_v1.6/whole_genome_SNVs.tsv.gz, /PROGS/scripts/msogloblinsky/bin/PSAP/snakemake_makedistrib_PSAP/data/cp_sorted_splicing_split_merged_genomic_coding_biomart.bed, /PROGS/scripts/msogloblinsky/bin/PSAP/snakemake_makedistrib_PSAP/data/sorted.CADDRegions.2021.hg19.bed, /PROGS/scripts/msogloblinsky/bin/PSAP/snakemake_makedistrib_PSAP/data/final.newsort.allchr.gnomad.genome.r2.0.1.goodquality.dp10.bed
    output: /PROGS/scripts/msogloblinsky/bin/PSAP/snakemake_makedistrib_PSAP/out/score_tables/coverage_genes_caddregions_cadd1.6_whole_genome_SNVs_chr21.tsv.gz
    log: /PROGS/scripts/msogloblinsky/bin/PSAP/snakemake_makedistrib_PSAP/out/log/rule_make_input_table_forPSAP_cadd1.6_whole_genome_SNVs_chr21.log
    jobid: 3
    benchmark: /PROGS/scripts/msogloblinsky/bin/PSAP/snakemake_makedistrib_PSAP/out/benchmark/rule_make_input_table_forPSAP_cadd1.6_whole_genome_SNVs_chr21.benchmark.txt
    reason: Missing output files: /PROGS/scripts/msogloblinsky/bin/PSAP/snakemake_makedistrib_PSAP/out/score_tables/coverage_genes_caddregions_cadd1.6_whole_genome_SNVs_chr21.tsv.gz
    wildcards: CHR=21
    resources: tmpdir=/tmp


[Wed Aug  2 16:02:41 2023]
rule make_notpassvariants_file:
    input: /PROGS/scripts/msogloblinsky/bin/PSAP/snakemake_makedistrib_PSAP/out/reference_panel/af_forPSAP_splitmultial_gnomad_genomes_v2.0.1_chr21.vcf.gz
    output: /PROGS/scripts/msogloblinsky/bin/PSAP/snakemake_makedistrib_PSAP/out/reference_panel/af_forPSAP_splitmultial_gnomad_genomes_v2.0.1_notpass_snps_chr21.vcf.gz
    log: /PROGS/scripts/msogloblinsky/bin/PSAP/snakemake_makedistrib_PSAP/out/log/rule_make_notpassvariants_file_gnomad_genomes_v2.0.1_chr21.log
    jobid: 6
    benchmark: /PROGS/scripts/msogloblinsky/bin/PSAP/snakemake_makedistrib_PSAP/out/benchmark/rule_make_notpassvariants_file_gnomad_genomes_v2.0.1_chr21.benchmark.txt
    reason: Missing output files: /PROGS/scripts/msogloblinsky/bin/PSAP/snakemake_makedistrib_PSAP/out/reference_panel/af_forPSAP_splitmultial_gnomad_genomes_v2.0.1_notpass_snps_chr21.vcf.gz
    wildcards: CHR=21
    resources: tmpdir=/tmp

[Wed Aug  2 16:03:33 2023]
Finished job 6.
1 of 8 steps (12%) done
Select jobs to execute...

[Wed Aug  2 16:03:33 2023]
rule list_units_wellcovered_panel:
    input: /PROGS/scripts/msogloblinsky/bin/PSAP/snakemake_makedistrib_PSAP/data/cp_sorted_splicing_split_merged_genomic_coding_biomart.bed, /PROGS/scripts/msogloblinsky/bin/PSAP/snakemake_makedistrib_PSAP/data/sorted.CADDRegions.2021.hg19.bed, /PROGS/scripts/msogloblinsky/bin/PSAP/snakemake_makedistrib_PSAP/data/sorted_splitcoding_caddregions.splicing_split_merged_genomic_coding_biomart.bed, /PROGS/scripts/msogloblinsky/bin/PSAP/snakemake_makedistrib_PSAP/data/final.newsort.allchr.gnomad.genome.r2.0.1.goodquality.dp10.bed
    output: /PROGS/scripts/msogloblinsky/bin/PSAP/snakemake_makedistrib_PSAP/out/reference_panel/list_goodcoverage_50pct_gene_gnomad_genomes_v2.0.1.bed
    log: /PROGS/scripts/msogloblinsky/bin/PSAP/snakemake_makedistrib_PSAP/out/log/rule_list_units_wellcovered_panel_gnomad_genomes_v2.0.1.log
    jobid: 12
    benchmark: /PROGS/scripts/msogloblinsky/bin/PSAP/snakemake_makedistrib_PSAP/out/benchmark/rule_list_units_wellcovered_panel_gnomad_genomes_v2.0.1.benchmark.txt
    reason: Missing output files: /PROGS/scripts/msogloblinsky/bin/PSAP/snakemake_makedistrib_PSAP/out/reference_panel/list_goodcoverage_50pct_gene_gnomad_genomes_v2.0.1.bed
    resources: tmpdir=/tmp

[Wed Aug  2 16:03:37 2023]
Error in rule list_units_wellcovered_panel:
    jobid: 12
    input: /PROGS/scripts/msogloblinsky/bin/PSAP/snakemake_makedistrib_PSAP/data/cp_sorted_splicing_split_merged_genomic_coding_biomart.bed, /PROGS/scripts/msogloblinsky/bin/PSAP/snakemake_makedistrib_PSAP/data/sorted.CADDRegions.2021.hg19.bed, /PROGS/scripts/msogloblinsky/bin/PSAP/snakemake_makedistrib_PSAP/data/sorted_splitcoding_caddregions.splicing_split_merged_genomic_coding_biomart.bed, /PROGS/scripts/msogloblinsky/bin/PSAP/snakemake_makedistrib_PSAP/data/final.newsort.allchr.gnomad.genome.r2.0.1.goodquality.dp10.bed
    output: /PROGS/scripts/msogloblinsky/bin/PSAP/snakemake_makedistrib_PSAP/out/reference_panel/list_goodcoverage_50pct_gene_gnomad_genomes_v2.0.1.bed
    log: /PROGS/scripts/msogloblinsky/bin/PSAP/snakemake_makedistrib_PSAP/out/log/rule_list_units_wellcovered_panel_gnomad_genomes_v2.0.1.log (check log file(s) for error details)
    conda-env: /PROGS/scripts/msogloblinsky/bin/PSAP/snakemake_makedistrib_PSAP/.snakemake/conda/708489691ae52faed596f5cdff5c6407_
    shell:
        
        bedmap --bases-uniq-f --echo --delim '	' /PROGS/scripts/msogloblinsky/bin/PSAP/snakemake_makedistrib_PSAP/data/cp_sorted_splicing_split_merged_genomic_coding_biomart.bed /PROGS/scripts/msogloblinsky/bin/PSAP/snakemake_makedistrib_PSAP/data/final.newsort.allchr.gnomad.genome.r2.0.1.goodquality.dp10.bed > /PROGS/scripts/msogloblinsky/bin/PSAP/snakemake_makedistrib_PSAP/out/reference_panel/coverage_gene_gnomad_genomes_v2.0.1.bed
        bedmap --bases-uniq-f --echo --delim '	' /PROGS/scripts/msogloblinsky/bin/PSAP/snakemake_makedistrib_PSAP/data/sorted_splitcoding_caddregions.splicing_split_merged_genomic_coding_biomart.bed /PROGS/scripts/msogloblinsky/bin/PSAP/snakemake_makedistrib_PSAP/data/final.newsort.allchr.gnomad.genome.r2.0.1.goodquality.dp10.bed > /PROGS/scripts/msogloblinsky/bin/PSAP/snakemake_makedistrib_PSAP/out/reference_panel/coverage_coding_cadd_region_gnomad_genomes_v2.0.1.bed
        bedmap --bases-uniq-f --echo --delim '	' /PROGS/scripts/msogloblinsky/bin/PSAP/snakemake_makedistrib_PSAP/data/sorted.CADDRegions.2021.hg19.bed /PROGS/scripts/msogloblinsky/bin/PSAP/snakemake_makedistrib_PSAP/data/final.newsort.allchr.gnomad.genome.r2.0.1.goodquality.dp10.bed > /PROGS/scripts/msogloblinsky/bin/PSAP/snakemake_makedistrib_PSAP/out/reference_panel/coverage_cadd_region_gnomad_genomes_v2.0.1.bed

        Rscript /PROGS/scripts/msogloblinsky/bin/PSAP/snakemake_makedistrib_PSAP/src/script_list_units_goodcoverage.R /PROGS/scripts/msogloblinsky/bin/PSAP/snakemake_makedistrib_PSAP/out gnomad_genomes_v2.0.1 &> /PROGS/scripts/msogloblinsky/bin/PSAP/snakemake_makedistrib_PSAP/out/log/rule_list_units_wellcovered_panel_gnomad_genomes_v2.0.1.log
        
        (one of the commands exited with non-zero exit code; note that snakemake uses bash strict mode!)

Terminating processes on user request, this might take some time.
[Wed Aug  2 16:04:10 2023]
Error in rule make_input_table_forPSAP:
    jobid: 3
    input: /PUBLIC_DATA/Annotation/CADD/CADD_v1.6/whole_genome_SNVs.tsv.gz, /PROGS/scripts/msogloblinsky/bin/PSAP/snakemake_makedistrib_PSAP/data/cp_sorted_splicing_split_merged_genomic_coding_biomart.bed, /PROGS/scripts/msogloblinsky/bin/PSAP/snakemake_makedistrib_PSAP/data/sorted.CADDRegions.2021.hg19.bed, /PROGS/scripts/msogloblinsky/bin/PSAP/snakemake_makedistrib_PSAP/data/final.newsort.allchr.gnomad.genome.r2.0.1.goodquality.dp10.bed
    output: /PROGS/scripts/msogloblinsky/bin/PSAP/snakemake_makedistrib_PSAP/out/score_tables/coverage_genes_caddregions_cadd1.6_whole_genome_SNVs_chr21.tsv.gz
    log: /PROGS/scripts/msogloblinsky/bin/PSAP/snakemake_makedistrib_PSAP/out/log/rule_make_input_table_forPSAP_cadd1.6_whole_genome_SNVs_chr21.log (check log file(s) for error details)
    conda-env: /PROGS/scripts/msogloblinsky/bin/PSAP/snakemake_makedistrib_PSAP/.snakemake/conda/878658c1999b80613587c075d244ffb7_
    shell:
        
        mkdir -p /PROGS/scripts/msogloblinsky/bin/PSAP/snakemake_makedistrib_PSAP/out/score_tables/ 
        /PROGS/scripts/msogloblinsky/bin/PSAP/snakemake_makedistrib_PSAP/src/script_make_input_table_forPSAP.sh /PUBLIC_DATA/Annotation/CADD/CADD_v1.6/whole_genome_SNVs.tsv.gz /PROGS/scripts/msogloblinsky/bin/PSAP/snakemake_makedistrib_PSAP/data/cp_sorted_splicing_split_merged_genomic_coding_biomart.bed /PROGS/scripts/msogloblinsky/bin/PSAP/snakemake_makedistrib_PSAP/data/sorted.CADDRegions.2021.hg19.bed /PROGS/scripts/msogloblinsky/bin/PSAP/snakemake_makedistrib_PSAP/data/final.newsort.allchr.gnomad.genome.r2.0.1.goodquality.dp10.bed /PROGS/scripts/msogloblinsky/bin/PSAP/snakemake_makedistrib_PSAP/out cadd1.6_whole_genome_SNVs 21 &> /PROGS/scripts/msogloblinsky/bin/PSAP/snakemake_makedistrib_PSAP/out/log/rule_make_input_table_forPSAP_cadd1.6_whole_genome_SNVs_chr21.log
        
        (one of the commands exited with non-zero exit code; note that snakemake uses bash strict mode!)

Complete log: .snakemake/log/2023-08-02T160241.040191.snakemake.log
