Building DAG of jobs...
Using shell: /usr/bin/bash
Provided cores: 2
Rules claiming more threads will be scaled down.
Conda environments: ignored
Job stats:
job                                   count    min threads    max threads
----------------------------------  -------  -------------  -------------
all                                       1              1              1
calculate_null_distributions_PSAP         2              1              1
list_units_wellcovered_panel              1              1              1
make_final_null_distributions_PSAP        1              1              1
make_input_table_forPSAP                  1              1              1
make_notpassvariants_file                 1              1              1
total                                     7              1              1

Select jobs to execute...

[Wed Aug  2 16:04:20 2023]
rule make_input_table_forPSAP:
    input: /PUBLIC_DATA/Annotation/CADD/CADD_v1.6/whole_genome_SNVs.tsv.gz, /PROGS/scripts/msogloblinsky/bin/PSAP/snakemake_makedistrib_PSAP/data/cp_sorted_splicing_split_merged_genomic_coding_biomart.bed, /PROGS/scripts/msogloblinsky/bin/PSAP/snakemake_makedistrib_PSAP/data/sorted.CADDRegions.2021.hg19.bed, /PROGS/scripts/msogloblinsky/bin/PSAP/snakemake_makedistrib_PSAP/data/final.newsort.allchr.gnomad.genome.r2.0.1.goodquality.dp10.bed
    output: /PROGS/scripts/msogloblinsky/bin/PSAP/snakemake_makedistrib_PSAP/out/score_tables/coverage_genes_caddregions_cadd1.6_whole_genome_SNVs_chr21.tsv.gz
    log: /PROGS/scripts/msogloblinsky/bin/PSAP/snakemake_makedistrib_PSAP/out/log/rule_make_input_table_forPSAP_cadd1.6_whole_genome_SNVs_chr21.log
    jobid: 3
    benchmark: /PROGS/scripts/msogloblinsky/bin/PSAP/snakemake_makedistrib_PSAP/out/benchmark/rule_make_input_table_forPSAP_cadd1.6_whole_genome_SNVs_chr21.benchmark.txt
    reason: Missing output files: /PROGS/scripts/msogloblinsky/bin/PSAP/snakemake_makedistrib_PSAP/out/score_tables/coverage_genes_caddregions_cadd1.6_whole_genome_SNVs_chr21.tsv.gz
    wildcards: CHR=21
    resources: tmpdir=/tmp


[Wed Aug  2 16:04:20 2023]
rule list_units_wellcovered_panel:
    input: /PROGS/scripts/msogloblinsky/bin/PSAP/snakemake_makedistrib_PSAP/data/cp_sorted_splicing_split_merged_genomic_coding_biomart.bed, /PROGS/scripts/msogloblinsky/bin/PSAP/snakemake_makedistrib_PSAP/data/sorted.CADDRegions.2021.hg19.bed, /PROGS/scripts/msogloblinsky/bin/PSAP/snakemake_makedistrib_PSAP/data/sorted_splitcoding_caddregions.splicing_split_merged_genomic_coding_biomart.bed, /PROGS/scripts/msogloblinsky/bin/PSAP/snakemake_makedistrib_PSAP/data/final.newsort.allchr.gnomad.genome.r2.0.1.goodquality.dp10.bed
    output: /PROGS/scripts/msogloblinsky/bin/PSAP/snakemake_makedistrib_PSAP/out/reference_panel/list_goodcoverage_50pct_gene_gnomad_genomes_v2.0.1.bed
    log: /PROGS/scripts/msogloblinsky/bin/PSAP/snakemake_makedistrib_PSAP/out/log/rule_list_units_wellcovered_panel_gnomad_genomes_v2.0.1.log
    jobid: 12
    benchmark: /PROGS/scripts/msogloblinsky/bin/PSAP/snakemake_makedistrib_PSAP/out/benchmark/rule_list_units_wellcovered_panel_gnomad_genomes_v2.0.1.benchmark.txt
    reason: Missing output files: /PROGS/scripts/msogloblinsky/bin/PSAP/snakemake_makedistrib_PSAP/out/reference_panel/list_goodcoverage_50pct_gene_gnomad_genomes_v2.0.1.bed
    resources: tmpdir=/tmp

[Wed Aug  2 16:04:29 2023]
Finished job 12.
1 of 7 steps (14%) done
Select jobs to execute...

[Wed Aug  2 16:04:29 2023]
rule make_notpassvariants_file:
    input: /PROGS/scripts/msogloblinsky/bin/PSAP/snakemake_makedistrib_PSAP/out/reference_panel/af_forPSAP_splitmultial_gnomad_genomes_v2.0.1_chr22.vcf.gz
    output: /PROGS/scripts/msogloblinsky/bin/PSAP/snakemake_makedistrib_PSAP/out/reference_panel/af_forPSAP_splitmultial_gnomad_genomes_v2.0.1_notpass_snps_chr22.vcf.gz
    log: /PROGS/scripts/msogloblinsky/bin/PSAP/snakemake_makedistrib_PSAP/out/log/rule_make_notpassvariants_file_gnomad_genomes_v2.0.1_chr22.log
    jobid: 11
    benchmark: /PROGS/scripts/msogloblinsky/bin/PSAP/snakemake_makedistrib_PSAP/out/benchmark/rule_make_notpassvariants_file_gnomad_genomes_v2.0.1_chr22.benchmark.txt
    reason: Missing output files: /PROGS/scripts/msogloblinsky/bin/PSAP/snakemake_makedistrib_PSAP/out/reference_panel/af_forPSAP_splitmultial_gnomad_genomes_v2.0.1_notpass_snps_chr22.vcf.gz
    wildcards: CHR=22
    resources: tmpdir=/tmp

[Wed Aug  2 16:05:26 2023]
Finished job 11.
2 of 7 steps (29%) done
Select jobs to execute...

[Wed Aug  2 16:05:26 2023]
rule calculate_null_distributions_PSAP:
    input: /PROGS/scripts/msogloblinsky/bin/PSAP/snakemake_makedistrib_PSAP/out/score_tables/coverage_genes_caddregions_cadd1.6_whole_genome_SNVs_chr22.tsv.gz, /PROGS/scripts/msogloblinsky/bin/PSAP/snakemake_makedistrib_PSAP/out/reference_panel/af_forPSAP_splitmultial_gnomad_genomes_v2.0.1_goodquality_pass_snps_chr22.vcf.gz, /PROGS/scripts/msogloblinsky/bin/PSAP/snakemake_makedistrib_PSAP/out/reference_panel/af_forPSAP_splitmultial_gnomad_genomes_v2.0.1_notpass_snps_chr22.vcf.gz
    output: /PROGS/scripts/msogloblinsky/bin/PSAP/snakemake_makedistrib_PSAP/out/temp_lookup_bychr/latest_gnomadgen_string_cadd1.6_af_nosing_lookup_gene_het_chr22.txt, /PROGS/scripts/msogloblinsky/bin/PSAP/snakemake_makedistrib_PSAP/out/temp_lookup_bychr/latest_gnomadgen_string_cadd1.6_af_nosing_lookup_gene_hom_chr22.txt
    log: /PROGS/scripts/msogloblinsky/bin/PSAP/snakemake_makedistrib_PSAP/out/log/rule_calculate_null_distributions_PSAP_latest_gnomadgen_string_cadd1.6_af_nosing_lookup_gene_chr22.log
    jobid: 7
    benchmark: /PROGS/scripts/msogloblinsky/bin/PSAP/snakemake_makedistrib_PSAP/out/benchmark/rule_calculate_null_distributions_PSAP_latest_gnomadgen_string_cadd1.6_af_nosing_lookup_gene_chr22.benchmark.txt
    reason: Missing output files: /PROGS/scripts/msogloblinsky/bin/PSAP/snakemake_makedistrib_PSAP/out/temp_lookup_bychr/latest_gnomadgen_string_cadd1.6_af_nosing_lookup_gene_het_chr22.txt, /PROGS/scripts/msogloblinsky/bin/PSAP/snakemake_makedistrib_PSAP/out/temp_lookup_bychr/latest_gnomadgen_string_cadd1.6_af_nosing_lookup_gene_hom_chr22.txt; Input files updated by another job: /PROGS/scripts/msogloblinsky/bin/PSAP/snakemake_makedistrib_PSAP/out/reference_panel/af_forPSAP_splitmultial_gnomad_genomes_v2.0.1_notpass_snps_chr22.vcf.gz
    wildcards: units=gene, CHR=22
    resources: tmpdir=/tmp

[Wed Aug  2 16:08:20 2023]
Finished job 7.
3 of 7 steps (43%) done
[Wed Aug  2 16:10:30 2023]
Finished job 3.
4 of 7 steps (57%) done
Select jobs to execute...

[Wed Aug  2 16:10:30 2023]
rule calculate_null_distributions_PSAP:
    input: /PROGS/scripts/msogloblinsky/bin/PSAP/snakemake_makedistrib_PSAP/out/score_tables/coverage_genes_caddregions_cadd1.6_whole_genome_SNVs_chr21.tsv.gz, /PROGS/scripts/msogloblinsky/bin/PSAP/snakemake_makedistrib_PSAP/out/reference_panel/af_forPSAP_splitmultial_gnomad_genomes_v2.0.1_goodquality_pass_snps_chr21.vcf.gz, /PROGS/scripts/msogloblinsky/bin/PSAP/snakemake_makedistrib_PSAP/out/reference_panel/af_forPSAP_splitmultial_gnomad_genomes_v2.0.1_notpass_snps_chr21.vcf.gz
    output: /PROGS/scripts/msogloblinsky/bin/PSAP/snakemake_makedistrib_PSAP/out/temp_lookup_bychr/latest_gnomadgen_string_cadd1.6_af_nosing_lookup_gene_het_chr21.txt, /PROGS/scripts/msogloblinsky/bin/PSAP/snakemake_makedistrib_PSAP/out/temp_lookup_bychr/latest_gnomadgen_string_cadd1.6_af_nosing_lookup_gene_hom_chr21.txt
    log: /PROGS/scripts/msogloblinsky/bin/PSAP/snakemake_makedistrib_PSAP/out/log/rule_calculate_null_distributions_PSAP_latest_gnomadgen_string_cadd1.6_af_nosing_lookup_gene_chr21.log
    jobid: 2
    benchmark: /PROGS/scripts/msogloblinsky/bin/PSAP/snakemake_makedistrib_PSAP/out/benchmark/rule_calculate_null_distributions_PSAP_latest_gnomadgen_string_cadd1.6_af_nosing_lookup_gene_chr21.benchmark.txt
    reason: Missing output files: /PROGS/scripts/msogloblinsky/bin/PSAP/snakemake_makedistrib_PSAP/out/temp_lookup_bychr/latest_gnomadgen_string_cadd1.6_af_nosing_lookup_gene_het_chr21.txt, /PROGS/scripts/msogloblinsky/bin/PSAP/snakemake_makedistrib_PSAP/out/temp_lookup_bychr/latest_gnomadgen_string_cadd1.6_af_nosing_lookup_gene_hom_chr21.txt; Input files updated by another job: /PROGS/scripts/msogloblinsky/bin/PSAP/snakemake_makedistrib_PSAP/out/score_tables/coverage_genes_caddregions_cadd1.6_whole_genome_SNVs_chr21.tsv.gz
    wildcards: units=gene, CHR=21
    resources: tmpdir=/tmp

[Wed Aug  2 16:12:24 2023]
Finished job 2.
5 of 7 steps (71%) done
Select jobs to execute...

[Wed Aug  2 16:12:24 2023]
rule make_final_null_distributions_PSAP:
    input: /PROGS/scripts/msogloblinsky/bin/PSAP/snakemake_makedistrib_PSAP/out/temp_lookup_bychr/latest_gnomadgen_string_cadd1.6_af_nosing_lookup_gene_het_chr21.txt, /PROGS/scripts/msogloblinsky/bin/PSAP/snakemake_makedistrib_PSAP/out/temp_lookup_bychr/latest_gnomadgen_string_cadd1.6_af_nosing_lookup_gene_het_chr22.txt, /PROGS/scripts/msogloblinsky/bin/PSAP/snakemake_makedistrib_PSAP/out/temp_lookup_bychr/latest_gnomadgen_string_cadd1.6_af_nosing_lookup_gene_hom_chr21.txt, /PROGS/scripts/msogloblinsky/bin/PSAP/snakemake_makedistrib_PSAP/out/temp_lookup_bychr/latest_gnomadgen_string_cadd1.6_af_nosing_lookup_gene_hom_chr22.txt, /PROGS/scripts/msogloblinsky/bin/PSAP/snakemake_makedistrib_PSAP/out/reference_panel/list_goodcoverage_50pct_gene_gnomad_genomes_v2.0.1.bed
    output: /PROGS/scripts/msogloblinsky/bin/PSAP/snakemake_makedistrib_PSAP/out/final_lookuptables_PSAP/latest_gnomadgen_string_cadd1.6_af_nosing_lookup_gene_het.txt, /PROGS/scripts/msogloblinsky/bin/PSAP/snakemake_makedistrib_PSAP/out/final_lookuptables_PSAP/latest_gnomadgen_string_cadd1.6_af_nosing_lookup_gene_hom.txt
    log: /PROGS/scripts/msogloblinsky/bin/PSAP/snakemake_makedistrib_PSAP/out/log/rule_make_final_null_distributions_PSAP_latest_gnomadgen_string_cadd1.6_af_nosing_lookup_gene.log
    jobid: 1
    benchmark: /PROGS/scripts/msogloblinsky/bin/PSAP/snakemake_makedistrib_PSAP/out/benchmark/rule_make_final_null_distributions_PSAP_latest_gnomadgen_string_cadd1.6_af_nosing_lookup_gene.benchmark.txt
    reason: Missing output files: /PROGS/scripts/msogloblinsky/bin/PSAP/snakemake_makedistrib_PSAP/out/final_lookuptables_PSAP/latest_gnomadgen_string_cadd1.6_af_nosing_lookup_gene_het.txt, /PROGS/scripts/msogloblinsky/bin/PSAP/snakemake_makedistrib_PSAP/out/final_lookuptables_PSAP/latest_gnomadgen_string_cadd1.6_af_nosing_lookup_gene_hom.txt; Input files updated by another job: /PROGS/scripts/msogloblinsky/bin/PSAP/snakemake_makedistrib_PSAP/out/temp_lookup_bychr/latest_gnomadgen_string_cadd1.6_af_nosing_lookup_gene_hom_chr22.txt, /PROGS/scripts/msogloblinsky/bin/PSAP/snakemake_makedistrib_PSAP/out/temp_lookup_bychr/latest_gnomadgen_string_cadd1.6_af_nosing_lookup_gene_het_chr21.txt, /PROGS/scripts/msogloblinsky/bin/PSAP/snakemake_makedistrib_PSAP/out/temp_lookup_bychr/latest_gnomadgen_string_cadd1.6_af_nosing_lookup_gene_hom_chr21.txt, /PROGS/scripts/msogloblinsky/bin/PSAP/snakemake_makedistrib_PSAP/out/reference_panel/list_goodcoverage_50pct_gene_gnomad_genomes_v2.0.1.bed, /PROGS/scripts/msogloblinsky/bin/PSAP/snakemake_makedistrib_PSAP/out/temp_lookup_bychr/latest_gnomadgen_string_cadd1.6_af_nosing_lookup_gene_het_chr22.txt
    wildcards: units=gene
    resources: tmpdir=/tmp

[Wed Aug  2 16:12:25 2023]
Error in rule make_final_null_distributions_PSAP:
    jobid: 1
    input: /PROGS/scripts/msogloblinsky/bin/PSAP/snakemake_makedistrib_PSAP/out/temp_lookup_bychr/latest_gnomadgen_string_cadd1.6_af_nosing_lookup_gene_het_chr21.txt, /PROGS/scripts/msogloblinsky/bin/PSAP/snakemake_makedistrib_PSAP/out/temp_lookup_bychr/latest_gnomadgen_string_cadd1.6_af_nosing_lookup_gene_het_chr22.txt, /PROGS/scripts/msogloblinsky/bin/PSAP/snakemake_makedistrib_PSAP/out/temp_lookup_bychr/latest_gnomadgen_string_cadd1.6_af_nosing_lookup_gene_hom_chr21.txt, /PROGS/scripts/msogloblinsky/bin/PSAP/snakemake_makedistrib_PSAP/out/temp_lookup_bychr/latest_gnomadgen_string_cadd1.6_af_nosing_lookup_gene_hom_chr22.txt, /PROGS/scripts/msogloblinsky/bin/PSAP/snakemake_makedistrib_PSAP/out/reference_panel/list_goodcoverage_50pct_gene_gnomad_genomes_v2.0.1.bed
    output: /PROGS/scripts/msogloblinsky/bin/PSAP/snakemake_makedistrib_PSAP/out/final_lookuptables_PSAP/latest_gnomadgen_string_cadd1.6_af_nosing_lookup_gene_het.txt, /PROGS/scripts/msogloblinsky/bin/PSAP/snakemake_makedistrib_PSAP/out/final_lookuptables_PSAP/latest_gnomadgen_string_cadd1.6_af_nosing_lookup_gene_hom.txt
    log: /PROGS/scripts/msogloblinsky/bin/PSAP/snakemake_makedistrib_PSAP/out/log/rule_make_final_null_distributions_PSAP_latest_gnomadgen_string_cadd1.6_af_nosing_lookup_gene.log (check log file(s) for error details)
    conda-env: /PROGS/scripts/msogloblinsky/bin/PSAP/snakemake_makedistrib_PSAP/.snakemake/conda/708489691ae52faed596f5cdff5c6407_
    shell:
        
        mkdir -p /PROGS/scripts/msogloblinsky/bin/PSAP/snakemake_makedistrib_PSAP/out/final_lookuptables_PSAP/
        Rscript /PROGS/scripts/msogloblinsky/bin/PSAP/snakemake_makedistrib_PSAP/src/script_make_lookup_PSAP_final.R /PROGS/scripts/msogloblinsky/bin/PSAP/snakemake_makedistrib_PSAP/out/reference_panel/list_goodcoverage_50pct_gene_gnomad_genomes_v2.0.1.bed gene /PROGS/scripts/msogloblinsky/bin/PSAP/snakemake_makedistrib_PSAP/out latest_gnomadgen_string_cadd1.6_af_nosing_lookup &> /PROGS/scripts/msogloblinsky/bin/PSAP/snakemake_makedistrib_PSAP/out/log/rule_make_final_null_distributions_PSAP_latest_gnomadgen_string_cadd1.6_af_nosing_lookup_gene.log
        
        (one of the commands exited with non-zero exit code; note that snakemake uses bash strict mode!)

Shutting down, this might take some time.
Exiting because a job execution failed. Look above for error message
Complete log: .snakemake/log/2023-08-02T160420.174187.snakemake.log
